2024-11-29 14:21:24,727 [INFO] No DNI available at the moment.
2024-11-29 14:21:24,728 [INFO] No DNI fetched. Will retry after the polling interval.
2024-11-29 14:21:24,728 [INFO] Waiting for 30 seconds before the next attempt.
2024-11-29 14:22:04,328 [INFO] Received DNI: 20442915076
2024-11-29 14:22:06,810 [INFO] Navigating to https://generalfoodargentina.movizen.com/pwa
2024-11-29 14:22:13,267 [INFO] Entered 'terragene' into the first input field.
2024-11-29 14:22:13,319 [INFO] Submitted the first form.
2024-11-29 14:22:18,321 [INFO] Navigating to https://generalfoodargentina.movizen.com/pwa/inicio
2024-11-29 14:22:21,842 [INFO] Entered DNI '20442915076' into the second input field.
2024-11-29 14:22:21,875 [INFO] Submitted the second form.
2024-11-29 14:22:29,423 [INFO] Browser closed.
2024-11-29 14:22:29,424 [INFO] Waiting for 30 seconds before the next attempt.
2024-11-29 14:22:59,877 [INFO] Received DNI: 20442915076
2024-11-29 14:23:01,788 [INFO] Navigating to https://generalfoodargentina.movizen.com/pwa
2024-11-29 14:23:07,104 [INFO] Entered 'terragene' into the first input field.
2024-11-29 14:23:07,162 [INFO] Submitted the first form.
2024-11-29 14:23:12,165 [INFO] Navigating to https://generalfoodargentina.movizen.com/pwa/inicio
2024-11-29 14:23:15,739 [INFO] Entered DNI '20442915076' into the second input field.
2024-11-29 14:23:15,771 [INFO] Submitted the second form.
2024-11-29 14:23:24,336 [INFO] Browser closed.
2024-11-29 14:23:24,336 [INFO] Waiting for 30 seconds before the next attempt.
2024-11-29 14:26:59,734 [INFO] Received DNI: 44291507
2024-11-29 14:27:01,674 [INFO] Navigating to https://generalfoodargentina.movizen.com/pwa
2024-11-29 14:27:07,619 [INFO] Entered 'terragene' into the first input field.
2024-11-29 14:27:07,699 [INFO] Submitted the first form.
2024-11-29 14:27:12,703 [INFO] Navigating to https://generalfoodargentina.movizen.com/pwa/inicio
2024-11-29 14:27:16,969 [INFO] Entered DNI '44291507' into the second input field.
2024-11-29 14:27:17,045 [INFO] Submitted the second form.
2024-11-29 14:27:24,553 [INFO] Browser closed.
2024-11-29 14:27:24,555 [INFO] Waiting for 30 seconds before the next attempt.
2024-11-29 14:28:02,621 [INFO] Received DNI: 44291507
2024-11-29 14:28:04,590 [INFO] Navigating to https://generalfoodargentina.movizen.com/pwa
2024-11-29 14:28:10,906 [INFO] Entered 'terragene' into the first input field.
2024-11-29 14:28:10,969 [INFO] Submitted the first form.
2024-11-29 14:28:15,970 [INFO] Navigating to https://generalfoodargentina.movizen.com/pwa/inicio
2024-11-29 14:28:19,869 [INFO] Entered DNI '44291507' into the second input field.
2024-11-29 14:28:19,919 [INFO] Submitted the second form.
2024-11-29 14:28:27,606 [INFO] Browser closed.
2024-11-29 14:28:27,608 [INFO] Waiting for 30 seconds before the next attempt.
2024-11-29 14:28:58,087 [INFO] Received DNI: 44291507
2024-11-29 14:29:00,422 [INFO] Navigating to https://generalfoodargentina.movizen.com/pwa
2024-11-29 14:29:06,441 [INFO] Entered 'terragene' into the first input field.
2024-11-29 14:29:06,532 [INFO] Submitted the first form.
2024-11-29 14:29:11,534 [INFO] Navigating to https://generalfoodargentina.movizen.com/pwa/inicio
2024-11-29 14:29:15,291 [INFO] Entered DNI '44291507' into the second input field.
2024-11-29 14:29:15,339 [INFO] Submitted the second form.
2024-11-29 14:29:22,938 [INFO] Browser closed.
2024-11-29 14:29:22,939 [INFO] Waiting for 30 seconds before the next attempt.
2024-11-29 14:29:56,016 [INFO] Received DNI: 37295755
2024-11-29 14:30:00,055 [INFO] Navigating to https://generalfoodargentina.movizen.com/pwa
2024-11-29 14:30:06,091 [INFO] Entered 'terragene' into the first input field.
2024-11-29 14:30:06,142 [INFO] Submitted the first form.
2024-11-29 14:30:11,143 [INFO] Navigating to https://generalfoodargentina.movizen.com/pwa/inicio
2024-11-29 14:30:14,466 [INFO] Entered DNI '37295755' into the second input field.
2024-11-29 14:30:14,525 [INFO] Submitted the second form.
2024-11-29 14:30:22,083 [INFO] Browser closed.
2024-11-29 14:30:22,083 [INFO] Waiting for 30 seconds before the next attempt.
2024-11-29 14:30:52,689 [INFO] Received DNI: 37295755
2024-11-29 14:30:55,282 [INFO] Navigating to https://generalfoodargentina.movizen.com/pwa
2024-11-29 14:31:00,579 [INFO] Entered 'terragene' into the first input field.
2024-11-29 14:31:00,668 [INFO] Submitted the first form.
2024-11-29 14:31:05,669 [INFO] Navigating to https://generalfoodargentina.movizen.com/pwa/inicio
2024-11-29 14:31:09,558 [INFO] Entered DNI '37295755' into the second input field.
2024-11-29 14:31:09,661 [INFO] Submitted the second form.
2024-11-29 14:31:17,519 [INFO] Browser closed.
2024-11-29 14:31:17,520 [INFO] Waiting for 30 seconds before the next attempt.
